{}
Connected to MongoDB!
***************** properties *****************
"readproportion"="0"
"recordcount"="100000"
"mongodb.username"="root"
"operationcount"="100000"
"dotransactions"="true"
"readallfields"="true"
"updateproportion"="0"
"fieldlength"="16"
"workload"="core"
"threadcount"="20"
"insertproportion"="0.05"
"maxscanlength"="10"
"requestdistribution"="uniform"
"mongodb.password"="test123"
"scanlengthdistribution"="uniform"
"fieldcount"="5"
"mongodb.uri"="mongodb://mongodb:27017"
"scanproportion"="0.95"
**********************************************
Run finished, takes 16.2845155s
INSERT - Takes(s): 0.3, Count: 85, OPS: 317.3, Avg(us): 1143, Min(us): 380, Max(us): 5208, 99th(us): 6000, 99.9th(us): 6000, 99.99th(us): 6000
INSERT_ERROR - Takes(s): 16.3, Count: 4995, OPS: 307.3, Avg(us): 2033, Min(us): 423, Max(us): 56617, 99th(us): 10000, 99.9th(us): 16000, 99.99th(us): 57000
SCAN   - Takes(s): 16.2, Count: 94920, OPS: 5844.8, Avg(us): 3269, Min(us): 585, Max(us): 100556, 99th(us): 12000, 99.9th(us): 19000, 99.99th(us): 53000
