{}
***************** properties *****************
"operationcount"="100000"
"threadcount"="20"
"requestdistribution"="uniform"
"recordcount"="100000"
"fieldcount"="5"
"fieldlength"="16"
"insertproportion"="0"
"updateproportion"="0.05"
"dotransactions"="true"
"scanproportion"="0"
"readproportion"="0.95"
"maxscanlength"="10"
"workload"="core"
"mysql.host"="tidb"
"readallfields"="true"
"mysql.port"="4000"
**********************************************
READ   - Takes(s): 10.0, Count: 28728, OPS: 2884.0, Avg(us): 6340, Min(us): 1815, Max(us): 38051, 99th(us): 16000, 99.9th(us): 24000, 99.99th(us): 38000
UPDATE - Takes(s): 9.9, Count: 1487, OPS: 149.5, Avg(us): 11128, Min(us): 3002, Max(us): 113331, 99th(us): 39000, 99.9th(us): 106000, 99.99th(us): 114000
READ   - Takes(s): 20.0, Count: 61800, OPS: 3096.0, Avg(us): 5908, Min(us): 1815, Max(us): 38051, 99th(us): 15000, 99.9th(us): 22000, 99.99th(us): 29000
UPDATE - Takes(s): 19.9, Count: 3237, OPS: 162.3, Avg(us): 10202, Min(us): 2592, Max(us): 113331, 99th(us): 31000, 99.9th(us): 99000, 99.99th(us): 114000
READ   - Takes(s): 30.0, Count: 94796, OPS: 3163.9, Avg(us): 5758, Min(us): 1815, Max(us): 38051, 99th(us): 14000, 99.9th(us): 21000, 99.99th(us): 29000
UPDATE - Takes(s): 29.9, Count: 5037, OPS: 168.2, Avg(us): 9940, Min(us): 2592, Max(us): 113331, 99th(us): 29000, 99.9th(us): 88000, 99.99th(us): 114000
Run finished, takes 30.1076301s
READ   - Takes(s): 30.1, Count: 94949, OPS: 3157.9, Avg(us): 5754, Min(us): 1805, Max(us): 38051, 99th(us): 14000, 99.9th(us): 21000, 99.99th(us): 29000
UPDATE - Takes(s): 30.1, Count: 5051, OPS: 168.1, Avg(us): 9930, Min(us): 2592, Max(us): 113331, 99th(us): 29000, 99.9th(us): 88000, 99.99th(us): 114000
