[2021/06/14 02:07:53.582 +00:00] [INFO] [util.go:41] ["Welcome to Placement Driver (PD)"]
[2021/06/14 02:07:53.585 +00:00] [INFO] [util.go:42] [PD] [release-version=v5.0.1]
[2021/06/14 02:07:53.586 +00:00] [INFO] [util.go:43] [PD] [edition=Community]
[2021/06/14 02:07:53.586 +00:00] [INFO] [util.go:44] [PD] [git-hash=ea1449c7c693d94661b3c60d35b8679ebfb3da34]
[2021/06/14 02:07:53.587 +00:00] [INFO] [util.go:45] [PD] [git-branch=heads/refs/tags/v5.0.1]
[2021/06/14 02:07:53.587 +00:00] [INFO] [util.go:46] [PD] [utc-build-time="2021-04-23 05:58:55"]
[2021/06/14 02:07:53.587 +00:00] [WARN] [main.go:85] ["Config contains undefined item: namespace-classifier"]
[2021/06/14 02:07:53.588 +00:00] [INFO] [metricutil.go:81] ["disable Prometheus push client"]
[2021/06/14 02:07:53.599 +00:00] [INFO] [server.go:222] ["PD Config"] [config="{\"client-urls\":\"http://0.0.0.0:2379\",\"peer-urls\":\"http://0.0.0.0:2380\",\"advertise-client-urls\":\"http://pd:2379\",\"advertise-peer-urls\":\"http://pd:2380\",\"name\":\"pd\",\"data-dir\":\"/data/pd\",\"force-new-cluster\":false,\"enable-grpc-gateway\":true,\"initial-cluster\":\"pd=http://pd:2380\",\"initial-cluster-state\":\"new\",\"initial-cluster-token\":\"pd-cluster\",\"join\":\"\",\"lease\":3,\"log\":{\"level\":\"info\",\"format\":\"text\",\"disable-timestamp\":false,\"file\":{\"filename\":\"/logs/pd.log\",\"max-size\":300,\"max-days\":0,\"max-backups\":0},\"development\":false,\"disable-caller\":false,\"disable-stacktrace\":false,\"disable-error-verbose\":true,\"sampling\":null},\"tso-save-interval\":\"3s\",\"tso-update-physical-interval\":\"50ms\",\"enable-local-tso\":false,\"metric\":{\"job\":\"pd\",\"address\":\"\",\"interval\":\"15s\"},\"schedule\":{\"max-snapshot-count\":3,\"max-pending-peer-count\":16,\"max-merge-region-size\":20,\"max-merge-region-keys\":200000,\"split-merge-interval\":\"1h0m0s\",\"enable-one-way-merge\":\"false\",\"enable-cross-table-merge\":\"true\",\"patrol-region-interval\":\"100ms\",\"max-store-down-time\":\"30m0s\",\"leader-schedule-limit\":4,\"leader-schedule-policy\":\"count\",\"region-schedule-limit\":4,\"replica-schedule-limit\":8,\"merge-schedule-limit\":8,\"hot-region-schedule-limit\":4,\"hot-region-cache-hits-threshold\":3,\"store-limit\":{},\"tolerant-size-ratio\":5,\"low-space-ratio\":0.8,\"high-space-ratio\":0.7,\"region-score-formula-version\":\"v2\",\"scheduler-max-waiting-operator\":5,\"enable-remove-down-replica\":\"true\",\"enable-replace-offline-replica\":\"true\",\"enable-make-up-replica\":\"true\",\"enable-remove-extra-replica\":\"true\",\"enable-location-replacement\":\"true\",\"enable-debug-metrics\":\"false\",\"enable-joint-consensus\":\"true\",\"schedulers-v2\":[{\"type\":\"balance-region\",\"args\":null,\"disable\":false,\"args-payload\":\"\"},{\"type\":\"balance-leader\",\"args\":null,\"disable\":false,\"args-payload\":\"\"},{\"type\":\"hot-region\",\"args\":null,\"disable\":false,\"args-payload\":\"\"},{\"type\":\"label\",\"args\":null,\"disable\":false,\"args-payload\":\"\"}],\"schedulers-payload\":null,\"store-limit-mode\":\"manual\"},\"replication\":{\"max-replicas\":3,\"location-labels\":\"\",\"strictly-match-label\":\"false\",\"enable-placement-rules\":\"true\",\"isolation-level\":\"\"},\"pd-server\":{\"use-region-storage\":\"true\",\"max-gap-reset-ts\":\"24h0m0s\",\"key-type\":\"table\",\"runtime-services\":\"\",\"metric-storage\":\"\",\"dashboard-address\":\"auto\",\"trace-region-flow\":\"true\"},\"cluster-version\":\"0.0.0\",\"labels\":{},\"quota-backend-bytes\":\"8GiB\",\"auto-compaction-mode\":\"periodic\",\"auto-compaction-retention-v2\":\"1h\",\"TickInterval\":\"500ms\",\"ElectionInterval\":\"3s\",\"PreVote\":true,\"security\":{\"cacert-path\":\"\",\"cert-path\":\"\",\"key-path\":\"\",\"cert-allowed-cn\":null,\"redact-info-log\":false,\"encryption\":{\"data-encryption-method\":\"plaintext\",\"data-key-rotation-period\":\"168h0m0s\",\"master-key\":{\"type\":\"plaintext\",\"key-id\":\"\",\"region\":\"\",\"endpoint\":\"\",\"path\":\"\"}}},\"label-property\":{},\"WarningMsgs\":[\"Config contains undefined item: namespace-classifier\"],\"DisableStrictReconfigCheck\":false,\"HeartbeatStreamBindInterval\":\"1m0s\",\"LeaderPriorityCheckInterval\":\"1m0s\",\"dashboard\":{\"tidb-cacert-path\":\"\",\"tidb-cert-path\":\"\",\"tidb-key-path\":\"\",\"public-path-prefix\":\"\",\"internal-proxy\":false,\"enable-telemetry\":true,\"enable-experimental\":false},\"replication-mode\":{\"replication-mode\":\"majority\",\"dr-auto-sync\":{\"label-key\":\"\",\"primary\":\"\",\"dr\":\"\",\"primary-replicas\":0,\"dr-replicas\":0,\"wait-store-timeout\":\"1m0s\",\"wait-sync-timeout\":\"1m0s\",\"wait-async-timeout\":\"2m0s\"}}}"]
[2021/06/14 02:07:53.617 +00:00] [INFO] [server.go:195] ["register REST path"] [path=/pd/api/v1]
[2021/06/14 02:07:53.618 +00:00] [INFO] [server.go:195] ["register REST path"] [path=/swagger/]
[2021/06/14 02:07:53.618 +00:00] [INFO] [server.go:195] ["register REST path"] [path=/autoscaling]
[2021/06/14 02:07:53.634 +00:00] [INFO] [server.go:195] ["register REST path"] [path=/dashboard/api/]
[2021/06/14 02:07:53.634 +00:00] [INFO] [server.go:195] ["register REST path"] [path=/dashboard/]
[2021/06/14 02:07:53.636 +00:00] [INFO] [etcd.go:117] ["configuring peer listeners"] [listen-peer-urls="[http://0.0.0.0:2380]"]
[2021/06/14 02:07:53.645 +00:00] [INFO] [etcd.go:127] ["configuring client listeners"] [listen-client-urls="[http://0.0.0.0:2379]"]
[2021/06/14 02:07:53.646 +00:00] [INFO] [etcd.go:602] ["pprof is enabled"] [path=/debug/pprof]
[2021/06/14 02:07:53.647 +00:00] [INFO] [etcd.go:299] ["starting an etcd server"] [etcd-version=3.4.3] [git-sha="Not provided (use ./build instead of go build)"] [go-version=go1.13] [go-os=linux] [go-arch=amd64] [max-cpu-set=8] [max-cpu-available=8] [member-initialized=false] [name=pd] [data-dir=/data/pd] [wal-dir=] [wal-dir-dedicated=] [member-dir=/data/pd/member] [force-new-cluster=false] [heartbeat-interval=500ms] [election-timeout=3s] [initial-election-tick-advance=true] [snapshot-count=100000] [snapshot-catchup-entries=5000] [initial-advertise-peer-urls="[http://pd:2380]"] [listen-peer-urls="[http://0.0.0.0:2380]"] [advertise-client-urls="[http://pd:2379]"] [listen-client-urls="[http://0.0.0.0:2379]"] [listen-metrics-urls="[]"] [cors="[*]"] [host-whitelist="[*]"] [initial-cluster="pd=http://pd:2380"] [initial-cluster-state=new] [initial-cluster-token=pd-cluster] [quota-size-bytes=8589934592] [pre-vote=true] [initial-corrupt-check=false] [corrupt-check-time-interval=0s] [auto-compaction-mode=periodic] [auto-compaction-retention=1h0m0s] [auto-compaction-interval=1h0m0s] [discovery-url=] [discovery-proxy=]
[2021/06/14 02:07:53.654 +00:00] [INFO] [systimemon.go:27] ["start system time monitor"]
[2021/06/14 02:07:53.688 +00:00] [INFO] [backend.go:79] ["opened backend db"] [path=/data/pd/member/snap/db] [took=21.3624ms]
[2021/06/14 02:07:53.707 +00:00] [INFO] [netutil.go:112] ["resolved URL Host"] [url=http://pd:2380] [host=pd:2380] [resolved-addr=192.168.128.3:2380]
[2021/06/14 02:07:53.708 +00:00] [INFO] [netutil.go:112] ["resolved URL Host"] [url=http://pd:2380] [host=pd:2380] [resolved-addr=192.168.128.3:2380]
[2021/06/14 02:07:53.730 +00:00] [INFO] [raft.go:456] ["starting local member"] [local-member-id=1430a727fbc016e8] [cluster-id=4e2a8b5629251469]
[2021/06/14 02:07:53.730 +00:00] [INFO] [raft.go:1530] ["1430a727fbc016e8 switched to configuration voters=()"]
[2021/06/14 02:07:53.731 +00:00] [INFO] [raft.go:700] ["1430a727fbc016e8 became follower at term 0"]
[2021/06/14 02:07:53.732 +00:00] [INFO] [raft.go:383] ["newRaft 1430a727fbc016e8 [peers: [], term: 0, commit: 0, applied: 0, lastindex: 0, lastterm: 0]"]
[2021/06/14 02:07:53.732 +00:00] [INFO] [raft.go:700] ["1430a727fbc016e8 became follower at term 1"]
[2021/06/14 02:07:53.733 +00:00] [INFO] [raft.go:1530] ["1430a727fbc016e8 switched to configuration voters=(1454846469809903336)"]
[2021/06/14 02:07:53.738 +00:00] [WARN] [store.go:1317] ["simple token is not cryptographically signed"]
[2021/06/14 02:07:53.740 +00:00] [INFO] [quota.go:126] ["enabled backend quota"] [quota-name=v3-applier] [quota-size-bytes=8589934592] [quota-size="8.6 GB"]
[2021/06/14 02:07:53.741 +00:00] [INFO] [server.go:792] ["starting etcd server"] [local-member-id=1430a727fbc016e8] [local-server-version=3.4.3] [cluster-version=to_be_decided]
[2021/06/14 02:07:53.742 +00:00] [INFO] [server.go:658] ["started as single-node; fast-forwarding election ticks"] [local-member-id=1430a727fbc016e8] [forward-ticks=5] [forward-duration=2.5s] [election-ticks=6] [election-timeout=3s]
[2021/06/14 02:07:53.749 +00:00] [INFO] [raft.go:1530] ["1430a727fbc016e8 switched to configuration voters=(1454846469809903336)"]
[2021/06/14 02:07:53.751 +00:00] [INFO] [cluster.go:392] ["added member"] [cluster-id=4e2a8b5629251469] [local-member-id=1430a727fbc016e8] [added-peer-id=1430a727fbc016e8] [added-peer-peer-urls="[http://pd:2380]"]
[2021/06/14 02:07:53.751 +00:00] [INFO] [etcd.go:241] ["now serving peer/client/metrics"] [local-member-id=1430a727fbc016e8] [initial-advertise-peer-urls="[http://pd:2380]"] [listen-peer-urls="[http://0.0.0.0:2380]"] [advertise-client-urls="[http://pd:2379]"] [listen-client-urls="[http://0.0.0.0:2379]"] [listen-metrics-urls="[]"]
[2021/06/14 02:07:53.757 +00:00] [INFO] [etcd.go:576] ["serving peer traffic"] [address="[::]:2380"]
[2021/06/14 02:07:55.701 +00:00] [INFO] [raft.go:923] ["1430a727fbc016e8 is starting a new election at term 1"]
[2021/06/14 02:07:55.702 +00:00] [INFO] [raft.go:729] ["1430a727fbc016e8 became pre-candidate at term 1"]
[2021/06/14 02:07:55.703 +00:00] [INFO] [raft.go:824] ["1430a727fbc016e8 received MsgPreVoteResp from 1430a727fbc016e8 at term 1"]
[2021/06/14 02:07:55.703 +00:00] [INFO] [raft.go:713] ["1430a727fbc016e8 became candidate at term 2"]
[2021/06/14 02:07:55.704 +00:00] [INFO] [raft.go:824] ["1430a727fbc016e8 received MsgVoteResp from 1430a727fbc016e8 at term 2"]
[2021/06/14 02:07:55.705 +00:00] [INFO] [raft.go:765] ["1430a727fbc016e8 became leader at term 2"]
[2021/06/14 02:07:55.706 +00:00] [INFO] [node.go:325] ["raft.node: 1430a727fbc016e8 elected leader 1430a727fbc016e8 at term 2"]
[2021/06/14 02:07:55.707 +00:00] [INFO] [server.go:2501] ["setting up initial cluster version"] [cluster-version=3.4]
[2021/06/14 02:07:55.708 +00:00] [INFO] [server.go:2016] ["published local member to cluster through raft"] [local-member-id=1430a727fbc016e8] [local-member-attributes="{Name:pd ClientURLs:[http://pd:2379]}"] [request-path=/0/members/1430a727fbc016e8/attributes] [cluster-id=4e2a8b5629251469] [publish-timeout=11s]
[2021/06/14 02:07:55.708 +00:00] [INFO] [server.go:297] ["create etcd v3 client"] [endpoints="[http://pd:2379]"] [cert="{\"cacert-path\":\"\",\"cert-path\":\"\",\"key-path\":\"\",\"cert-allowed-cn\":null,\"redact-info-log\":false,\"encryption\":{\"data-encryption-method\":\"plaintext\",\"data-key-rotation-period\":\"168h0m0s\",\"master-key\":{\"type\":\"plaintext\",\"key-id\":\"\",\"region\":\"\",\"endpoint\":\"\",\"path\":\"\"}}}"]
[2021/06/14 02:07:55.709 +00:00] [INFO] [cluster.go:558] ["set initial cluster version"] [cluster-id=4e2a8b5629251469] [local-member-id=1430a727fbc016e8] [cluster-version=3.4]
[2021/06/14 02:07:55.711 +00:00] [INFO] [capability.go:76] ["enabled capabilities for version"] [cluster-version=3.4]
[2021/06/14 02:07:55.712 +00:00] [INFO] [server.go:2533] ["cluster version is updated"] [cluster-version=3.4]
[2021/06/14 02:07:55.718 +00:00] [INFO] [serve.go:139] ["serving client traffic insecurely; this is strongly discouraged!"] [address="[::]:2379"]
[2021/06/14 02:07:55.791 +00:00] [INFO] [server.go:352] ["init cluster id"] [cluster-id=6973465562221055462]
[2021/06/14 02:07:55.837 +00:00] [INFO] [history_buffer.go:147] ["start from history index"] [start-index=0]
[2021/06/14 02:07:55.841 +00:00] [INFO] [server.go:1204] ["start to campaign pd leader"] [campaign-pd-leader-name=pd]
[2021/06/14 02:07:55.842 +00:00] [INFO] [lease.go:60] ["lease granted"] [lease-id=1650703439391852556] [lease-timeout=3] [purpose="pd leader election"]
[2021/06/14 02:07:55.844 +00:00] [INFO] [leadership.go:111] ["check campaign resp"] [resp="{\"header\":{\"cluster_id\":5632467486153970793,\"member_id\":1454846469809903336,\"revision\":6,\"raft_term\":2},\"succeeded\":true,\"responses\":[{\"Response\":{\"ResponsePut\":{\"header\":{\"revision\":6}}}}]}"]
[2021/06/14 02:07:55.844 +00:00] [INFO] [leadership.go:120] ["write leaderData to leaderPath ok"] [leaderPath=/pd/6973465562221055462/leader] [purpose="pd leader election"]
[2021/06/14 02:07:55.845 +00:00] [INFO] [server.go:1226] ["campaign pd leader ok"] [campaign-pd-leader-name=pd]
[2021/06/14 02:07:55.845 +00:00] [INFO] [server.go:1233] ["initializing the global TSO allocator"]
[2021/06/14 02:07:55.845 +00:00] [INFO] [lease.go:118] ["start lease keep alive worker"] [interval=1s] [purpose="pd leader election"]
[2021/06/14 02:07:55.847 +00:00] [INFO] [tso.go:189] ["sync and save timestamp"] [last=0001/01/01 00:00:00.000 +00:00] [save=2021/06/14 02:07:58.846 +00:00] [next=2021/06/14 02:07:55.846 +00:00]
[2021/06/14 02:07:55.848 +00:00] [INFO] [server.go:1318] ["server enable region storage"]
[2021/06/14 02:07:55.851 +00:00] [INFO] [id.go:121] ["idAllocator allocates a new id"] [alloc-id=1000]
[2021/06/14 02:07:55.851 +00:00] [INFO] [util.go:77] ["load cluster version"] [cluster-version=0.0.0]
[2021/06/14 02:07:55.852 +00:00] [INFO] [server.go:1269] ["PD cluster leader is ready to serve"] [pd-leader-name=pd]
[2021/06/14 02:07:56.843 +00:00] [INFO] [server.go:940] ["PD server config is updated"] [new="{\"use-region-storage\":\"true\",\"max-gap-reset-ts\":\"24h0m0s\",\"key-type\":\"table\",\"runtime-services\":\"\",\"metric-storage\":\"\",\"dashboard-address\":\"http://pd:2379\",\"trace-region-flow\":\"true\"}"] [old="{\"use-region-storage\":\"true\",\"max-gap-reset-ts\":\"24h0m0s\",\"key-type\":\"table\",\"runtime-services\":\"\",\"metric-storage\":\"\",\"dashboard-address\":\"auto\",\"trace-region-flow\":\"true\"}"]
[2021/06/14 02:07:58.092 +00:00] [INFO] [dbstore.go:44] ["Dashboard initializing local storage file"] [path=/data/pd/dashboard.sqlite.db]
[2021/06/14 02:07:58.630 +00:00] [INFO] [version.go:41] ["TiDB Dashboard started"] [internal-version=2021.03.19.1] [standalone=No] [pd-version=v5.0.1] [build-time="2021-04-23 05:58:55"] [build-git-hash=2baddeb3c504]
[2021/06/14 02:07:58.631 +00:00] [INFO] [manager.go:204] ["Dashboard server is started"]
[2021/06/14 02:07:58.630 +00:00] [INFO] [proxy.go:199] ["start serve requests to remotes"] [endpoint=127.0.0.1:41103] [remotes="[]"]
[2021/06/14 02:07:58.630 +00:00] [INFO] [proxy.go:199] ["start serve requests to remotes"] [endpoint=127.0.0.1:37103] [remotes="[]"]
[2021/06/14 02:07:58.656 +00:00] [WARN] [dynamic_config_manager.go:175] ["Dynamic config does not exist in etcd"]
[2021/06/14 02:07:58.657 +00:00] [INFO] [dynamic_config_manager.go:199] ["Save dynamic config to etcd"] [json="{\"keyvisual\":{\"auto_collection_disabled\":false,\"policy\":\"db\",\"policy_kv_separator\":\"\"},\"profiling\":{\"auto_collection_targets\":null,\"auto_collection_duration_secs\":0,\"auto_collection_interval_secs\":0}}"]
[2021/06/14 02:07:58.665 +00:00] [INFO] [server.go:563] ["try to bootstrap raft cluster"] [cluster-id=6973465562221055462] [request="header:<cluster_id:6973465562221055462 > store:<id:1 address:\"tikv:20160\" version:\"5.0.1\" status_address:\"127.0.0.1:20180\" git_hash:\"e26389a278116b2f61addfa9f15ca25ecf38bc80\" start_timestamp:1623636478 deploy_path:\"/\" > region:<id:2 region_epoch:<conf_ver:1 version:1 > peers:<id:3 store_id:1 > > "]
[2021/06/14 02:07:58.704 +00:00] [INFO] [server.go:622] ["bootstrap cluster ok"] [cluster-id=6973465562221055462]
[2021/06/14 02:07:58.708 +00:00] [INFO] [cluster.go:286] ["load stores"] [count=1] [cost=2.3232ms]
[2021/06/14 02:07:58.708 +00:00] [INFO] [cluster.go:297] ["load regions"] [count=1] [cost=125.5µs]
[2021/06/14 02:07:58.743 +00:00] [INFO] [coordinator.go:256] ["coordinator starts to collect cluster information"]
[2021/06/14 02:07:58.775 +00:00] [INFO] [cluster.go:1396] ["cluster version changed"] [old-cluster-version=0.0.0] [new-cluster-version=5.0.1]
[2021/06/14 02:07:58.776 +00:00] [INFO] [cluster.go:1663] ["store limit added"] [store-id=1]
[2021/06/14 02:07:58.777 +00:00] [INFO] [grpc_service.go:356] ["put store ok"] [store="id:1 address:\"tikv:20160\" version:\"5.0.1\" status_address:\"127.0.0.1:20180\" git_hash:\"e26389a278116b2f61addfa9f15ca25ecf38bc80\" start_timestamp:1623636478 deploy_path:\"/\" "]
[2021/06/14 02:07:58.777 +00:00] [INFO] [util.go:77] ["load cluster version"] [cluster-version=5.0.1]
[2021/06/14 02:07:58.810 +00:00] [INFO] [manager.go:85] ["Key visual service is started"]
[2021/06/14 02:08:01.743 +00:00] [INFO] [coordinator.go:259] ["coordinator has finished cluster information preparation"]
[2021/06/14 02:08:01.744 +00:00] [INFO] [coordinator.go:269] ["coordinator starts to run schedulers"]
[2021/06/14 02:08:01.747 +00:00] [INFO] [coordinator.go:339] ["create scheduler"] [scheduler-name=balance-region-scheduler] [scheduler-args="[]"]
[2021/06/14 02:08:01.891 +00:00] [INFO] [coordinator.go:339] ["create scheduler"] [scheduler-name=balance-leader-scheduler] [scheduler-args="[]"]
[2021/06/14 02:08:01.892 +00:00] [INFO] [coordinator.go:339] ["create scheduler"] [scheduler-name=balance-hot-region-scheduler] [scheduler-args="[]"]
[2021/06/14 02:08:01.894 +00:00] [INFO] [coordinator.go:339] ["create scheduler"] [scheduler-name=label-scheduler] [scheduler-args="[]"]
[2021/06/14 02:08:01.895 +00:00] [INFO] [coordinator.go:239] ["coordinator begins to actively drive push operator"]
[2021/06/14 02:08:01.896 +00:00] [INFO] [coordinator.go:99] ["coordinator starts patrol regions"]
[2021/06/14 02:08:29.868 +00:00] [WARN] [grpc_service.go:170] ["get timestamp too slow"] [cost=7.8348ms]
[2021/06/14 02:08:58.603 +00:00] [WARN] [tidb_requests.go:48] ["failed to get tidb schema version"] []
[2021/06/14 02:09:10.562 +00:00] [INFO] [coordinator.go:737] ["scheduler has been stopped"] [scheduler-name=label-scheduler] [error="context canceled"]
[2021/06/14 02:09:10.565 +00:00] [INFO] [main.go:125] ["Got signal to exit"] [signal=terminated]
[2021/06/14 02:09:10.579 +00:00] [INFO] [server.go:551] ["server is closed, exist encryption key manager loop"]
[2021/06/14 02:09:10.594 +00:00] [INFO] [server.go:434] ["closing server"]
[2021/06/14 02:09:10.562 +00:00] [INFO] [server.go:526] ["server is closed, exit metrics loop"]
[2021/06/14 02:09:10.562 +00:00] [INFO] [server.go:540] ["server is closed, exit allocator loop"]
[2021/06/14 02:09:10.562 +00:00] [INFO] [server.go:1288] ["server is closed"]
[2021/06/14 02:09:10.562 +00:00] [INFO] [lease.go:142] ["stop lease keep alive worker"] [purpose="pd leader election"]
[2021/06/14 02:09:10.562 +00:00] [INFO] [coordinator.go:245] ["drive push operator has been stopped"]
[2021/06/14 02:09:10.562 +00:00] [INFO] [coordinator.go:737] ["scheduler has been stopped"] [scheduler-name=balance-region-scheduler] [error="context canceled"]
[2021/06/14 02:09:10.562 +00:00] [INFO] [cluster.go:338] ["coordinator is stopping"]
[2021/06/14 02:09:10.562 +00:00] [INFO] [coordinator.go:737] ["scheduler has been stopped"] [scheduler-name=balance-hot-region-scheduler] [error="context canceled"]
[2021/06/14 02:09:10.562 +00:00] [INFO] [coordinator.go:737] ["scheduler has been stopped"] [scheduler-name=balance-leader-scheduler] [error="context canceled"]
[2021/06/14 02:09:10.562 +00:00] [INFO] [coordinator.go:107] ["patrol regions has been stopped"]
[2021/06/14 02:09:10.565 +00:00] [INFO] [manager.go:96] ["Key visual service is stopped"]
[2021/06/14 02:09:10.565 +00:00] [INFO] [server.go:1305] ["server is closed, exit etcd leader loop"]
[2021/06/14 02:09:10.596 +00:00] [INFO] [server.go:111] ["region syncer has been stopped"]
[2021/06/14 02:09:10.596 +00:00] [INFO] [cluster.go:317] ["metrics are reset"]
[2021/06/14 02:09:10.599 +00:00] [INFO] [cluster.go:334] ["coordinator has been stopped"]
[2021/06/14 02:09:10.601 +00:00] [INFO] [cluster.go:319] ["background jobs has been stopped"]
[2021/06/14 02:09:10.602 +00:00] [INFO] [tso.go:380] ["reset the timestamp in memory"]
[2021/06/14 02:09:10.634 +00:00] [INFO] [server.go:1162] ["server is closed, return pd leader loop"]
[2021/06/14 02:09:10.635 +00:00] [INFO] [manager.go:215] ["Dashboard server is stopped"]
[2021/06/14 02:09:10.635 +00:00] [INFO] [etcd.go:360] ["closing etcd server"] [name=pd] [data-dir=/data/pd] [advertise-peer-urls="[http://pd:2380]"] [advertise-client-urls="[http://pd:2379]"]
[2021/06/14 02:09:10.655 +00:00] [WARN] [grpclog.go:60] ["transport: http2Server.HandleStreams failed to read frame: read tcp 127.0.0.1:2379->127.0.0.1:42266: use of closed network connection"]
[2021/06/14 02:09:10.665 +00:00] [INFO] [server.go:1464] ["skipped leadership transfer for single voting member cluster"] [local-member-id=1430a727fbc016e8] [current-leader-member-id=1430a727fbc016e8]
[2021/06/14 02:09:10.676 +00:00] [WARN] [grpclog.go:60] ["grpc: addrConn.createTransport failed to connect to {0.0.0.0:2379  <nil> 0 <nil>}. Err :connection error: desc = \"transport: Error while dialing dial tcp 0.0.0.0:2379: connect: connection refused\". Reconnecting..."]
[2021/06/14 02:09:10.689 +00:00] [INFO] [etcd.go:555] ["stopping serving peer traffic"] [address="[::]:2380"]
[2021/06/14 02:09:10.689 +00:00] [INFO] [etcd.go:562] ["stopped serving peer traffic"] [address="[::]:2380"]
[2021/06/14 02:09:10.690 +00:00] [INFO] [etcd.go:364] ["closed etcd server"] [name=pd] [data-dir=/data/pd] [advertise-peer-urls="[http://pd:2380]"] [advertise-client-urls="[http://pd:2379]"]
[2021/06/14 02:09:10.703 +00:00] [INFO] [manager.go:73] ["exit dashboard loop"]
[2021/06/14 02:09:10.715 +00:00] [INFO] [server.go:464] ["close server"]
[2021/06/14 02:09:24.438 +00:00] [INFO] [util.go:41] ["Welcome to Placement Driver (PD)"]
[2021/06/14 02:09:24.440 +00:00] [INFO] [util.go:42] [PD] [release-version=v5.0.1]
[2021/06/14 02:09:24.440 +00:00] [INFO] [util.go:43] [PD] [edition=Community]
[2021/06/14 02:09:24.441 +00:00] [INFO] [util.go:44] [PD] [git-hash=ea1449c7c693d94661b3c60d35b8679ebfb3da34]
[2021/06/14 02:09:24.442 +00:00] [INFO] [util.go:45] [PD] [git-branch=heads/refs/tags/v5.0.1]
[2021/06/14 02:09:24.442 +00:00] [INFO] [util.go:46] [PD] [utc-build-time="2021-04-23 05:58:55"]
[2021/06/14 02:09:24.443 +00:00] [WARN] [main.go:85] ["Config contains undefined item: namespace-classifier"]
[2021/06/14 02:09:24.443 +00:00] [INFO] [metricutil.go:81] ["disable Prometheus push client"]
[2021/06/14 02:09:24.444 +00:00] [INFO] [server.go:222] ["PD Config"] [config="{\"client-urls\":\"http://0.0.0.0:2379\",\"peer-urls\":\"http://0.0.0.0:2380\",\"advertise-client-urls\":\"http://pd:2379\",\"advertise-peer-urls\":\"http://pd:2380\",\"name\":\"pd\",\"data-dir\":\"/data/pd\",\"force-new-cluster\":false,\"enable-grpc-gateway\":true,\"initial-cluster\":\"pd=http://pd:2380\",\"initial-cluster-state\":\"new\",\"initial-cluster-token\":\"pd-cluster\",\"join\":\"\",\"lease\":3,\"log\":{\"level\":\"info\",\"format\":\"text\",\"disable-timestamp\":false,\"file\":{\"filename\":\"/logs/pd.log\",\"max-size\":300,\"max-days\":0,\"max-backups\":0},\"development\":false,\"disable-caller\":false,\"disable-stacktrace\":false,\"disable-error-verbose\":true,\"sampling\":null},\"tso-save-interval\":\"3s\",\"tso-update-physical-interval\":\"50ms\",\"enable-local-tso\":false,\"metric\":{\"job\":\"pd\",\"address\":\"\",\"interval\":\"15s\"},\"schedule\":{\"max-snapshot-count\":3,\"max-pending-peer-count\":16,\"max-merge-region-size\":20,\"max-merge-region-keys\":200000,\"split-merge-interval\":\"1h0m0s\",\"enable-one-way-merge\":\"false\",\"enable-cross-table-merge\":\"true\",\"patrol-region-interval\":\"100ms\",\"max-store-down-time\":\"30m0s\",\"leader-schedule-limit\":4,\"leader-schedule-policy\":\"count\",\"region-schedule-limit\":4,\"replica-schedule-limit\":8,\"merge-schedule-limit\":8,\"hot-region-schedule-limit\":4,\"hot-region-cache-hits-threshold\":3,\"store-limit\":{},\"tolerant-size-ratio\":5,\"low-space-ratio\":0.8,\"high-space-ratio\":0.7,\"region-score-formula-version\":\"v2\",\"scheduler-max-waiting-operator\":5,\"enable-remove-down-replica\":\"true\",\"enable-replace-offline-replica\":\"true\",\"enable-make-up-replica\":\"true\",\"enable-remove-extra-replica\":\"true\",\"enable-location-replacement\":\"true\",\"enable-debug-metrics\":\"false\",\"enable-joint-consensus\":\"true\",\"schedulers-v2\":[{\"type\":\"balance-region\",\"args\":null,\"disable\":false,\"args-payload\":\"\"},{\"type\":\"balance-leader\",\"args\":null,\"disable\":false,\"args-payload\":\"\"},{\"type\":\"hot-region\",\"args\":null,\"disable\":false,\"args-payload\":\"\"},{\"type\":\"label\",\"args\":null,\"disable\":false,\"args-payload\":\"\"}],\"schedulers-payload\":null,\"store-limit-mode\":\"manual\"},\"replication\":{\"max-replicas\":3,\"location-labels\":\"\",\"strictly-match-label\":\"false\",\"enable-placement-rules\":\"true\",\"isolation-level\":\"\"},\"pd-server\":{\"use-region-storage\":\"true\",\"max-gap-reset-ts\":\"24h0m0s\",\"key-type\":\"table\",\"runtime-services\":\"\",\"metric-storage\":\"\",\"dashboard-address\":\"auto\",\"trace-region-flow\":\"true\"},\"cluster-version\":\"0.0.0\",\"labels\":{},\"quota-backend-bytes\":\"8GiB\",\"auto-compaction-mode\":\"periodic\",\"auto-compaction-retention-v2\":\"1h\",\"TickInterval\":\"500ms\",\"ElectionInterval\":\"3s\",\"PreVote\":true,\"security\":{\"cacert-path\":\"\",\"cert-path\":\"\",\"key-path\":\"\",\"cert-allowed-cn\":null,\"redact-info-log\":false,\"encryption\":{\"data-encryption-method\":\"plaintext\",\"data-key-rotation-period\":\"168h0m0s\",\"master-key\":{\"type\":\"plaintext\",\"key-id\":\"\",\"region\":\"\",\"endpoint\":\"\",\"path\":\"\"}}},\"label-property\":{},\"WarningMsgs\":[\"Config contains undefined item: namespace-classifier\"],\"DisableStrictReconfigCheck\":false,\"HeartbeatStreamBindInterval\":\"1m0s\",\"LeaderPriorityCheckInterval\":\"1m0s\",\"dashboard\":{\"tidb-cacert-path\":\"\",\"tidb-cert-path\":\"\",\"tidb-key-path\":\"\",\"public-path-prefix\":\"\",\"internal-proxy\":false,\"enable-telemetry\":true,\"enable-experimental\":false},\"replication-mode\":{\"replication-mode\":\"majority\",\"dr-auto-sync\":{\"label-key\":\"\",\"primary\":\"\",\"dr\":\"\",\"primary-replicas\":0,\"dr-replicas\":0,\"wait-store-timeout\":\"1m0s\",\"wait-sync-timeout\":\"1m0s\",\"wait-async-timeout\":\"2m0s\"}}}"]
[2021/06/14 02:09:24.448 +00:00] [INFO] [server.go:195] ["register REST path"] [path=/pd/api/v1]
[2021/06/14 02:09:24.449 +00:00] [INFO] [server.go:195] ["register REST path"] [path=/swagger/]
[2021/06/14 02:09:24.453 +00:00] [INFO] [server.go:195] ["register REST path"] [path=/autoscaling]
[2021/06/14 02:09:24.455 +00:00] [INFO] [server.go:195] ["register REST path"] [path=/dashboard/api/]
[2021/06/14 02:09:24.456 +00:00] [INFO] [server.go:195] ["register REST path"] [path=/dashboard/]
[2021/06/14 02:09:24.457 +00:00] [INFO] [etcd.go:117] ["configuring peer listeners"] [listen-peer-urls="[http://0.0.0.0:2380]"]
[2021/06/14 02:09:24.457 +00:00] [INFO] [systimemon.go:27] ["start system time monitor"]
[2021/06/14 02:09:24.458 +00:00] [INFO] [etcd.go:127] ["configuring client listeners"] [listen-client-urls="[http://0.0.0.0:2379]"]
[2021/06/14 02:09:24.460 +00:00] [INFO] [etcd.go:602] ["pprof is enabled"] [path=/debug/pprof]
[2021/06/14 02:09:24.470 +00:00] [INFO] [etcd.go:299] ["starting an etcd server"] [etcd-version=3.4.3] [git-sha="Not provided (use ./build instead of go build)"] [go-version=go1.13] [go-os=linux] [go-arch=amd64] [max-cpu-set=8] [max-cpu-available=8] [member-initialized=true] [name=pd] [data-dir=/data/pd] [wal-dir=] [wal-dir-dedicated=] [member-dir=/data/pd/member] [force-new-cluster=false] [heartbeat-interval=500ms] [election-timeout=3s] [initial-election-tick-advance=true] [snapshot-count=100000] [snapshot-catchup-entries=5000] [initial-advertise-peer-urls="[http://pd:2380]"] [listen-peer-urls="[http://0.0.0.0:2380]"] [advertise-client-urls="[http://pd:2379]"] [listen-client-urls="[http://0.0.0.0:2379]"] [listen-metrics-urls="[]"] [cors="[*]"] [host-whitelist="[*]"] [initial-cluster=] [initial-cluster-state=new] [initial-cluster-token=] [quota-size-bytes=8589934592] [pre-vote=true] [initial-corrupt-check=false] [corrupt-check-time-interval=0s] [auto-compaction-mode=periodic] [auto-compaction-retention=1h0m0s] [auto-compaction-interval=1h0m0s] [discovery-url=] [discovery-proxy=]
[2021/06/14 02:09:24.484 +00:00] [INFO] [backend.go:79] ["opened backend db"] [path=/data/pd/member/snap/db] [took=3.464ms]
[2021/06/14 02:09:24.516 +00:00] [INFO] [raft.go:506] ["restarting local member"] [cluster-id=4e2a8b5629251469] [local-member-id=1430a727fbc016e8] [commit-index=53]
[2021/06/14 02:09:24.517 +00:00] [INFO] [raft.go:1530] ["1430a727fbc016e8 switched to configuration voters=()"]
[2021/06/14 02:09:24.518 +00:00] [INFO] [raft.go:700] ["1430a727fbc016e8 became follower at term 2"]
[2021/06/14 02:09:24.518 +00:00] [INFO] [raft.go:383] ["newRaft 1430a727fbc016e8 [peers: [], term: 2, commit: 53, applied: 0, lastindex: 53, lastterm: 2]"]
[2021/06/14 02:09:24.527 +00:00] [WARN] [store.go:1317] ["simple token is not cryptographically signed"]
[2021/06/14 02:09:24.529 +00:00] [INFO] [quota.go:126] ["enabled backend quota"] [quota-name=v3-applier] [quota-size-bytes=8589934592] [quota-size="8.6 GB"]
[2021/06/14 02:09:24.530 +00:00] [INFO] [server.go:792] ["starting etcd server"] [local-member-id=1430a727fbc016e8] [local-server-version=3.4.3] [cluster-version=to_be_decided]
[2021/06/14 02:09:24.531 +00:00] [INFO] [server.go:680] ["starting initial election tick advance"] [election-ticks=6]
[2021/06/14 02:09:24.547 +00:00] [INFO] [etcd.go:576] ["serving peer traffic"] [address="[::]:2380"]
[2021/06/14 02:09:24.564 +00:00] [INFO] [raft.go:1530] ["1430a727fbc016e8 switched to configuration voters=(1454846469809903336)"]
[2021/06/14 02:09:24.566 +00:00] [INFO] [cluster.go:392] ["added member"] [cluster-id=4e2a8b5629251469] [local-member-id=1430a727fbc016e8] [added-peer-id=1430a727fbc016e8] [added-peer-peer-urls="[http://pd:2380]"]
[2021/06/14 02:09:24.567 +00:00] [INFO] [cluster.go:558] ["set initial cluster version"] [cluster-id=4e2a8b5629251469] [local-member-id=1430a727fbc016e8] [cluster-version=3.4]
[2021/06/14 02:09:24.567 +00:00] [INFO] [capability.go:76] ["enabled capabilities for version"] [cluster-version=3.4]
[2021/06/14 02:09:24.575 +00:00] [INFO] [etcd.go:241] ["now serving peer/client/metrics"] [local-member-id=1430a727fbc016e8] [initial-advertise-peer-urls="[http://pd:2380]"] [listen-peer-urls="[http://0.0.0.0:2380]"] [advertise-client-urls="[http://pd:2379]"] [listen-client-urls="[http://0.0.0.0:2379]"] [listen-metrics-urls="[]"]
[2021/06/14 02:09:27.524 +00:00] [INFO] [raft.go:923] ["1430a727fbc016e8 is starting a new election at term 2"]
[2021/06/14 02:09:27.525 +00:00] [INFO] [raft.go:729] ["1430a727fbc016e8 became pre-candidate at term 2"]
[2021/06/14 02:09:27.526 +00:00] [INFO] [raft.go:824] ["1430a727fbc016e8 received MsgPreVoteResp from 1430a727fbc016e8 at term 2"]
[2021/06/14 02:09:27.526 +00:00] [INFO] [raft.go:713] ["1430a727fbc016e8 became candidate at term 3"]
[2021/06/14 02:09:27.527 +00:00] [INFO] [raft.go:824] ["1430a727fbc016e8 received MsgVoteResp from 1430a727fbc016e8 at term 3"]
[2021/06/14 02:09:27.528 +00:00] [INFO] [raft.go:765] ["1430a727fbc016e8 became leader at term 3"]
[2021/06/14 02:09:27.529 +00:00] [INFO] [node.go:325] ["raft.node: 1430a727fbc016e8 elected leader 1430a727fbc016e8 at term 3"]
[2021/06/14 02:09:27.530 +00:00] [INFO] [server.go:2016] ["published local member to cluster through raft"] [local-member-id=1430a727fbc016e8] [local-member-attributes="{Name:pd ClientURLs:[http://pd:2379]}"] [request-path=/0/members/1430a727fbc016e8/attributes] [cluster-id=4e2a8b5629251469] [publish-timeout=11s]
[2021/06/14 02:09:27.530 +00:00] [INFO] [server.go:297] ["create etcd v3 client"] [endpoints="[http://pd:2379]"] [cert="{\"cacert-path\":\"\",\"cert-path\":\"\",\"key-path\":\"\",\"cert-allowed-cn\":null,\"redact-info-log\":false,\"encryption\":{\"data-encryption-method\":\"plaintext\",\"data-key-rotation-period\":\"168h0m0s\",\"master-key\":{\"type\":\"plaintext\",\"key-id\":\"\",\"region\":\"\",\"endpoint\":\"\",\"path\":\"\"}}}"]
[2021/06/14 02:09:27.531 +00:00] [INFO] [serve.go:139] ["serving client traffic insecurely; this is strongly discouraged!"] [address="[::]:2379"]
[2021/06/14 02:09:27.537 +00:00] [INFO] [server.go:352] ["init cluster id"] [cluster-id=6973465562221055462]
[2021/06/14 02:09:27.623 +00:00] [INFO] [history_buffer.go:147] ["start from history index"] [start-index=0]
[2021/06/14 02:09:27.625 +00:00] [INFO] [server.go:1204] ["start to campaign pd leader"] [campaign-pd-leader-name=pd]
[2021/06/14 02:09:27.626 +00:00] [INFO] [lease.go:60] ["lease granted"] [lease-id=1650703439415094282] [lease-timeout=3] [purpose="pd leader election"]
[2021/06/14 02:09:27.628 +00:00] [INFO] [leadership.go:111] ["check campaign resp"] [resp="{\"header\":{\"cluster_id\":5632467486153970793,\"member_id\":1454846469809903336,\"revision\":52,\"raft_term\":3},\"succeeded\":true,\"responses\":[{\"Response\":{\"ResponsePut\":{\"header\":{\"revision\":52}}}}]}"]
[2021/06/14 02:09:27.629 +00:00] [INFO] [leadership.go:120] ["write leaderData to leaderPath ok"] [leaderPath=/pd/6973465562221055462/leader] [purpose="pd leader election"]
[2021/06/14 02:09:27.630 +00:00] [INFO] [server.go:1226] ["campaign pd leader ok"] [campaign-pd-leader-name=pd]
[2021/06/14 02:09:27.630 +00:00] [INFO] [server.go:1233] ["initializing the global TSO allocator"]
[2021/06/14 02:09:27.630 +00:00] [INFO] [lease.go:118] ["start lease keep alive worker"] [interval=1s] [purpose="pd leader election"]
[2021/06/14 02:09:27.632 +00:00] [INFO] [tso.go:189] ["sync and save timestamp"] [last=2021/06/14 02:09:10.920 +00:00] [save=2021/06/14 02:09:30.632 +00:00] [next=2021/06/14 02:09:27.632 +00:00]
[2021/06/14 02:09:27.634 +00:00] [INFO] [server.go:1318] ["server enable region storage"]
[2021/06/14 02:09:27.640 +00:00] [INFO] [cluster.go:286] ["load stores"] [count=1] [cost=4.3379ms]
[2021/06/14 02:09:27.642 +00:00] [INFO] [cluster.go:297] ["load regions"] [count=1] [cost=1.9091ms]
[2021/06/14 02:09:27.662 +00:00] [INFO] [coordinator.go:256] ["coordinator starts to collect cluster information"]
[2021/06/14 02:09:27.665 +00:00] [INFO] [id.go:121] ["idAllocator allocates a new id"] [alloc-id=2000]
[2021/06/14 02:09:27.668 +00:00] [INFO] [util.go:77] ["load cluster version"] [cluster-version=5.0.1]
[2021/06/14 02:09:27.668 +00:00] [INFO] [server.go:1269] ["PD cluster leader is ready to serve"] [pd-leader-name=pd]
[2021/06/14 02:09:28.679 +00:00] [INFO] [dbstore.go:44] ["Dashboard initializing local storage file"] [path=/data/pd/dashboard.sqlite.db]
[2021/06/14 02:09:28.796 +00:00] [INFO] [version.go:41] ["TiDB Dashboard started"] [internal-version=2021.03.19.1] [standalone=No] [pd-version=v5.0.1] [build-time="2021-04-23 05:58:55"] [build-git-hash=2baddeb3c504]
[2021/06/14 02:09:28.796 +00:00] [INFO] [manager.go:204] ["Dashboard server is started"]
[2021/06/14 02:09:28.796 +00:00] [INFO] [proxy.go:199] ["start serve requests to remotes"] [endpoint=127.0.0.1:45903] [remotes="[]"]
[2021/06/14 02:09:28.796 +00:00] [INFO] [proxy.go:199] ["start serve requests to remotes"] [endpoint=127.0.0.1:43515] [remotes="[]"]
[2021/06/14 02:09:28.798 +00:00] [INFO] [dynamic_config_manager.go:178] ["Load dynamic config from etcd"] [json="{\"keyvisual\":{\"auto_collection_disabled\":false,\"policy\":\"db\",\"policy_kv_separator\":\"\"},\"profiling\":{\"auto_collection_targets\":null,\"auto_collection_duration_secs\":0,\"auto_collection_interval_secs\":0}}"]
[2021/06/14 02:09:28.802 +00:00] [INFO] [dynamic_config_manager.go:199] ["Save dynamic config to etcd"] [json="{\"keyvisual\":{\"auto_collection_disabled\":false,\"policy\":\"db\",\"policy_kv_separator\":\"\"},\"profiling\":{\"auto_collection_targets\":null,\"auto_collection_duration_secs\":0,\"auto_collection_interval_secs\":0}}"]
[2021/06/14 02:09:28.913 +00:00] [INFO] [manager.go:85] ["Key visual service is started"]
[2021/06/14 02:09:30.656 +00:00] [INFO] [grpc_service.go:356] ["put store ok"] [store="id:1 address:\"tikv:20160\" version:\"5.0.1\" status_address:\"127.0.0.1:20180\" git_hash:\"e26389a278116b2f61addfa9f15ca25ecf38bc80\" start_timestamp:1623636570 deploy_path:\"/\" "]
[2021/06/14 02:09:30.657 +00:00] [INFO] [util.go:77] ["load cluster version"] [cluster-version=5.0.1]
[2021/06/14 02:09:33.662 +00:00] [INFO] [coordinator.go:259] ["coordinator has finished cluster information preparation"]
[2021/06/14 02:09:33.663 +00:00] [INFO] [coordinator.go:269] ["coordinator starts to run schedulers"]
[2021/06/14 02:09:33.665 +00:00] [INFO] [coordinator.go:317] ["create scheduler with independent configuration"] [scheduler-name=balance-hot-region-scheduler]
[2021/06/14 02:09:33.670 +00:00] [INFO] [coordinator.go:317] ["create scheduler with independent configuration"] [scheduler-name=balance-leader-scheduler]
[2021/06/14 02:09:33.671 +00:00] [INFO] [coordinator.go:317] ["create scheduler with independent configuration"] [scheduler-name=balance-region-scheduler]
[2021/06/14 02:09:33.673 +00:00] [INFO] [coordinator.go:317] ["create scheduler with independent configuration"] [scheduler-name=label-scheduler]
[2021/06/14 02:09:33.674 +00:00] [INFO] [coordinator.go:339] ["create scheduler"] [scheduler-name=balance-region-scheduler] [scheduler-args="[]"]
[2021/06/14 02:09:33.675 +00:00] [INFO] [coordinator.go:339] ["create scheduler"] [scheduler-name=balance-leader-scheduler] [scheduler-args="[]"]
[2021/06/14 02:09:33.676 +00:00] [INFO] [coordinator.go:339] ["create scheduler"] [scheduler-name=balance-hot-region-scheduler] [scheduler-args="[]"]
[2021/06/14 02:09:33.678 +00:00] [INFO] [coordinator.go:339] ["create scheduler"] [scheduler-name=label-scheduler] [scheduler-args="[]"]
[2021/06/14 02:09:33.679 +00:00] [INFO] [coordinator.go:239] ["coordinator begins to actively drive push operator"]
[2021/06/14 02:09:33.679 +00:00] [INFO] [coordinator.go:99] ["coordinator starts patrol regions"]
[2021/06/14 02:09:45.490 +00:00] [WARN] [grpc_service.go:170] ["get timestamp too slow"] [cost=8.2832ms]
[2021/06/14 02:09:47.115 +00:00] [WARN] [grpc_service.go:170] ["get timestamp too slow"] [cost=6.93ms]
[2021/06/14 02:09:48.188 +00:00] [WARN] [grpc_service.go:170] ["get timestamp too slow"] [cost=6.2761ms]
[2021/06/14 02:10:28.804 +00:00] [WARN] [tidb_requests.go:48] ["failed to get tidb schema version"] []
[2021/06/14 02:10:36.733 +00:00] [INFO] [cluster_worker.go:127] ["alloc ids for region split"] [region-id=1001] [peer-ids="[1002]"]
[2021/06/14 02:10:36.771 +00:00] [INFO] [cluster.go:565] ["region Version changed"] [region-id=2] [detail="StartKey Changed:{} -> {757365727461626CFF653A757365723633FF3131353036353930FF3239373337353437FF3700000000000000F8}, EndKey:{}"] [old-version=1] [new-version=2]
[2021/06/14 02:10:36.771 +00:00] [INFO] [cluster_worker.go:219] ["region batch split, generate new regions"] [region-id=2] [origin="id:1001 end_key:\"757365727461626CFF653A757365723633FF3131353036353930FF3239373337353437FF3700000000000000F8\" region_epoch:<conf_ver:1 version:2 > peers:<id:1002 store_id:1 >"] [total=1]
[2021/06/14 02:10:55.678 +00:00] [INFO] [cluster_worker.go:127] ["alloc ids for region split"] [region-id=1003] [peer-ids="[1005]"]
[2021/06/14 02:10:55.678 +00:00] [INFO] [cluster_worker.go:127] ["alloc ids for region split"] [region-id=1004] [peer-ids="[1006]"]
[2021/06/14 02:10:55.791 +00:00] [INFO] [cluster.go:565] ["region Version changed"] [region-id=2] [detail="StartKey Changed:{757365727461626CFF653A757365723633FF3131353036353930FF3239373337353437FF3700000000000000F8} -> {757365727461626CFF653A757365723638FF3438363531303035FF3837393838393033FF3200000000000000F8}, EndKey:{}"] [old-version=2] [new-version=3]
[2021/06/14 02:10:55.824 +00:00] [INFO] [cluster.go:565] ["region Version changed"] [region-id=1001] [detail="StartKey Changed:{} -> {757365727461626CFF653A757365723632FF3031363739363732FF3331323032343139FF3500000000000000F8}, EndKey:{757365727461626CFF653A757365723633FF3131353036353930FF3239373337353437FF3700000000000000F8}"] [old-version=2] [new-version=3]
[2021/06/14 02:10:55.815 +00:00] [WARN] [grpc_service.go:170] ["get timestamp too slow"] [cost=16.0184ms]
[2021/06/14 02:10:55.815 +00:00] [WARN] [grpc_service.go:170] ["get timestamp too slow"] [cost=16.1195ms]
[2021/06/14 02:10:55.793 +00:00] [INFO] [cluster_worker.go:219] ["region batch split, generate new regions"] [region-id=1001] [origin="id:1004 end_key:\"757365727461626CFF653A757365723632FF3031363739363732FF3331323032343139FF3500000000000000F8\" region_epoch:<conf_ver:1 version:3 > peers:<id:1006 store_id:1 >"] [total=1]
[2021/06/14 02:10:55.793 +00:00] [INFO] [cluster_worker.go:219] ["region batch split, generate new regions"] [region-id=2] [origin="id:1003 start_key:\"757365727461626CFF653A757365723633FF3131353036353930FF3239373337353437FF3700000000000000F8\" end_key:\"757365727461626CFF653A757365723638FF3438363531303035FF3837393838393033FF3200000000000000F8\" region_epoch:<conf_ver:1 version:3 > peers:<id:1005 store_id:1 >"] [total=1]
[2021/06/14 02:10:59.610 +00:00] [WARN] [grpc_service.go:170] ["get timestamp too slow"] [cost=7.3514ms]
[2021/06/14 02:11:09.654 +00:00] [INFO] [cluster_worker.go:127] ["alloc ids for region split"] [region-id=1007] [peer-ids="[1008]"]
[2021/06/14 02:11:09.658 +00:00] [INFO] [cluster_worker.go:219] ["region batch split, generate new regions"] [region-id=2] [origin="id:1007 start_key:\"757365727461626CFF653A757365723638FF3438363531303035FF3837393838393033FF3200000000000000F8\" end_key:\"757365727461626CFF653A757365723730FF3332333537343038FF3638353035313731FF3200000000000000F8\" region_epoch:<conf_ver:1 version:4 > peers:<id:1008 store_id:1 >"] [total=1]
[2021/06/14 02:11:09.659 +00:00] [INFO] [cluster.go:565] ["region Version changed"] [region-id=2] [detail="StartKey Changed:{757365727461626CFF653A757365723638FF3438363531303035FF3837393838393033FF3200000000000000F8} -> {757365727461626CFF653A757365723730FF3332333537343038FF3638353035313731FF3200000000000000F8}, EndKey:{}"] [old-version=3] [new-version=4]
[2021/06/14 02:11:28.674 +00:00] [WARN] [tidb_requests.go:48] ["failed to get tidb schema version"] []
[2021/06/14 02:12:28.592 +00:00] [WARN] [tidb_requests.go:48] ["failed to get tidb schema version"] []
[2021/06/14 02:12:58.210 +00:00] [WARN] [grpc_service.go:170] ["get timestamp too slow"] [cost=11.3225ms]
[2021/06/14 02:13:06.310 +00:00] [INFO] [server.go:1305] ["server is closed, exit etcd leader loop"]
[2021/06/14 02:13:06.310 +00:00] [INFO] [server.go:540] ["server is closed, exit allocator loop"]
[2021/06/14 02:13:06.310 +00:00] [INFO] [coordinator.go:245] ["drive push operator has been stopped"]
[2021/06/14 02:13:06.310 +00:00] [INFO] [server.go:526] ["server is closed, exit metrics loop"]
[2021/06/14 02:13:06.310 +00:00] [INFO] [coordinator.go:107] ["patrol regions has been stopped"]
[2021/06/14 02:13:06.310 +00:00] [INFO] [coordinator.go:737] ["scheduler has been stopped"] [scheduler-name=balance-region-scheduler] [error="context canceled"]
[2021/06/14 02:13:06.310 +00:00] [INFO] [coordinator.go:737] ["scheduler has been stopped"] [scheduler-name=balance-leader-scheduler] [error="context canceled"]
[2021/06/14 02:13:06.310 +00:00] [INFO] [coordinator.go:737] ["scheduler has been stopped"] [scheduler-name=label-scheduler] [error="context canceled"]
[2021/06/14 02:13:06.310 +00:00] [INFO] [coordinator.go:737] ["scheduler has been stopped"] [scheduler-name=balance-hot-region-scheduler] [error="context canceled"]
[2021/06/14 02:13:06.310 +00:00] [INFO] [main.go:125] ["Got signal to exit"] [signal=terminated]
[2021/06/14 02:13:06.316 +00:00] [INFO] [server.go:434] ["closing server"]
[2021/06/14 02:13:06.310 +00:00] [INFO] [cluster.go:338] ["coordinator is stopping"]
[2021/06/14 02:13:06.310 +00:00] [INFO] [server.go:1288] ["server is closed"]
[2021/06/14 02:13:06.310 +00:00] [INFO] [lease.go:142] ["stop lease keep alive worker"] [purpose="pd leader election"]
[2021/06/14 02:13:06.317 +00:00] [INFO] [cluster.go:334] ["coordinator has been stopped"]
[2021/06/14 02:13:06.318 +00:00] [INFO] [server.go:111] ["region syncer has been stopped"]
[2021/06/14 02:13:06.332 +00:00] [INFO] [server.go:551] ["server is closed, exist encryption key manager loop"]
[2021/06/14 02:13:06.318 +00:00] [INFO] [cluster.go:317] ["metrics are reset"]
[2021/06/14 02:13:06.344 +00:00] [INFO] [cluster.go:319] ["background jobs has been stopped"]
[2021/06/14 02:13:06.345 +00:00] [INFO] [tso.go:380] ["reset the timestamp in memory"]
[2021/06/14 02:13:06.347 +00:00] [INFO] [manager.go:96] ["Key visual service is stopped"]
[2021/06/14 02:13:06.422 +00:00] [INFO] [server.go:1162] ["server is closed, return pd leader loop"]
[2021/06/14 02:13:06.452 +00:00] [INFO] [manager.go:215] ["Dashboard server is stopped"]
[2021/06/14 02:13:06.467 +00:00] [INFO] [etcd.go:360] ["closing etcd server"] [name=pd] [data-dir=/data/pd] [advertise-peer-urls="[http://pd:2380]"] [advertise-client-urls="[http://pd:2379]"]
[2021/06/14 02:13:06.478 +00:00] [INFO] [server.go:1464] ["skipped leadership transfer for single voting member cluster"] [local-member-id=1430a727fbc016e8] [current-leader-member-id=1430a727fbc016e8]
[2021/06/14 02:13:06.478 +00:00] [WARN] [grpclog.go:60] ["transport: http2Server.HandleStreams failed to read frame: read tcp 127.0.0.1:2379->127.0.0.1:42560: use of closed network connection"]
[2021/06/14 02:13:06.535 +00:00] [WARN] [grpclog.go:60] ["grpc: addrConn.createTransport failed to connect to {0.0.0.0:2379  <nil> 0 <nil>}. Err :connection error: desc = \"transport: Error while dialing dial tcp 0.0.0.0:2379: operation was canceled\". Reconnecting..."]
[2021/06/14 02:13:06.536 +00:00] [INFO] [etcd.go:555] ["stopping serving peer traffic"] [address="[::]:2380"]
[2021/06/14 02:13:06.536 +00:00] [INFO] [etcd.go:562] ["stopped serving peer traffic"] [address="[::]:2380"]
[2021/06/14 02:13:06.537 +00:00] [INFO] [etcd.go:364] ["closed etcd server"] [name=pd] [data-dir=/data/pd] [advertise-peer-urls="[http://pd:2380]"] [advertise-client-urls="[http://pd:2379]"]
[2021/06/14 02:13:06.559 +00:00] [INFO] [manager.go:73] ["exit dashboard loop"]
[2021/06/14 02:13:06.565 +00:00] [INFO] [server.go:464] ["close server"]
